<?xml version="1.0" encoding="UTF-8"?>
<!-- Generated by org.testng.reporters.JUnitReportReporter -->
<testsuite skipped="0" hostname="harish-ThinkPad-P52" name="com.advantage.tests.LoginTest" tests="1" failures="0" timestamp="2021-12-27T12:23:44 IST" time="3.777" errors="0">
  <testcase name="testLogin" time="3.777" classname="com.advantage.tests.LoginTest"/>
  <system-out/>
</testsuite> <!-- com.advantage.tests.LoginTest -->
